mmap(NULL, 8192, PROT_READ|PROT_WRITE, MAP_PRIVATE|MAP_ANONYMOUS, -1, 0) = 0x742e20f5a000
openat(AT_FDCWD, "/etc/ld.so.cache", O_RDONLY|O_CLOEXEC) = 3
mmap(NULL, 61299, PROT_READ, MAP_PRIVATE, 3, 0) = 0x742e20f4b000
openat(AT_FDCWD, "/lib/x86_64-linux-gnu/libc.so.6", O_RDONLY|O_CLOEXEC) = 3
read(3, "\177ELF\2\1\1\3\0\0\0\0\0\0\0\0\3\0>\0\1\0\0\0P\237\2\0\0\0\0\0"..., 832) = 832
mmap(NULL, 2264656, PROT_READ, MAP_PRIVATE|MAP_DENYWRITE, 3, 0) = 0x742e20c00000
mmap(0x742e20c28000, 1658880, PROT_READ|PROT_EXEC, MAP_PRIVATE|MAP_FIXED|MAP_DENYWRITE, 3, 0x28000) = 0x742e20c28000
mmap(0x742e20dbd000, 360448, PROT_READ, MAP_PRIVATE|MAP_FIXED|MAP_DENYWRITE, 3, 0x1bd000) = 0x742e20dbd000
mmap(0x742e20e16000, 24576, PROT_READ|PROT_WRITE, MAP_PRIVATE|MAP_FIXED|MAP_DENYWRITE, 3, 0x215000) = 0x742e20e16000
mmap(0x742e20e1c000, 52816, PROT_READ|PROT_WRITE, MAP_PRIVATE|MAP_FIXED|MAP_ANONYMOUS, -1, 0) = 0x742e20e1c000
mmap(NULL, 12288, PROT_READ|PROT_WRITE, MAP_PRIVATE|MAP_ANONYMOUS, -1, 0) = 0x742e20f48000
openat(AT_FDCWD, "REQ_PIPE_33729", O_RDONLY) = 3
openat(AT_FDCWD, "RESP_PIPE_33729", O_WRONLY) = 4
read(3, "C", 1)                         = 1
read(3, "R", 1)                         = 1
read(3, "E", 1)                         = 1
read(3, "A", 1)                         = 1
read(3, "T", 1)                         = 1
read(3, "E", 1)                         = 1
read(3, "_", 1)                         = 1
read(3, "S", 1)                         = 1
read(3, "H", 1)                         = 1
read(3, "M", 1)                         = 1
read(3, "#", 1)                         = 1
read(3, "{\244)\0", 4)                  = 4
openat(AT_FDCWD, "/dev/shm/WKaBMj8", O_RDWR|O_CREAT|O_NOFOLLOW|O_CLOEXEC, 0664) = 5
mmap(NULL, 2729083, PROT_READ|PROT_WRITE, MAP_SHARED, 5, 0) = 0x742e20965000
read(3, "M", 1)                         = 1
read(3, "A", 1)                         = 1
read(3, "P", 1)                         = 1
read(3, "_", 1)                         = 1
read(3, "F", 1)                         = 1
read(3, "I", 1)                         = 1
read(3, "L", 1)                         = 1
read(3, "E", 1)                         = 1
read(3, "#", 1)                         = 1
read(3, "t", 1)                         = 1
read(3, "e", 1)                         = 1
read(3, "s", 1)                         = 1
read(3, "t", 1)                         = 1
read(3, "_", 1)                         = 1
read(3, "r", 1)                         = 1
read(3, "o", 1)                         = 1
read(3, "o", 1)                         = 1
read(3, "t", 1)                         = 1
read(3, "/", 1)                         = 1
read(3, "c", 1)                         = 1
read(3, "S", 1)                         = 1
read(3, "z", 1)                         = 1
read(3, "h", 1)                         = 1
read(3, "q", 1)                         = 1
read(3, "q", 1)                         = 1
read(3, "Q", 1)                         = 1
read(3, "m", 1)                         = 1
read(3, "m", 1)                         = 1
read(3, "V", 1)                         = 1
read(3, ".", 1)                         = 1
read(3, "6", 1)                         = 1
read(3, "K", 1)                         = 1
read(3, "T", 1)                         = 1
read(3, "#", 1)                         = 1
openat(AT_FDCWD, "test_root/cSzhqqQmmV.6KT", O_RDWR) = 6
mmap(NULL, 38276, PROT_READ|PROT_WRITE, MAP_SHARED, 6, 0) = 0x742e20f50000
read(3, "R", 1)                         = 1
read(3, "E", 1)                         = 1
read(3, "A", 1)                         = 1
read(3, "D", 1)                         = 1
read(3, "_", 1)                         = 1
read(3, "F", 1)                         = 1
read(3, "R", 1)                         = 1
read(3, "O", 1)                         = 1
read(3, "M", 1)                         = 1
read(3, "_", 1)                         = 1
read(3, "L", 1)                         = 1
read(3, "O", 1)                         = 1
read(3, "G", 1)                         = 1
read(3, "I", 1)                         = 1
read(3, "C", 1)                         = 1
read(3, "A", 1)                         = 1
read(3, "L", 1)                         = 1
read(3, "_", 1)                         = 1
read(3, "S", 1)                         = 1
read(3, "P", 1)                         = 1
read(3, "A", 1)                         = 1
read(3, "C", 1)                         = 1
read(3, "E", 1)                         = 1
read(3, "_", 1)                         = 1
read(3, "O", 1)                         = 1
read(3, "F", 1)                         = 1
read(3, "F", 1)                         = 1
read(3, "S", 1)                         = 1
read(3, "E", 1)                         = 1
read(3, "T", 1)                         = 1
read(3, "#", 1)                         = 1
read(3, "\f1\0\0", 4)                   = 4
read(3, "|\0\0\0", 4)                   = 4
read(3, "R", 1)                         = 1
read(3, "E", 1)                         = 1
read(3, "A", 1)                         = 1
read(3, "D", 1)                         = 1
read(3, "_", 1)                         = 1
read(3, "F", 1)                         = 1
read(3, "R", 1)                         = 1
read(3, "O", 1)                         = 1
read(3, "M", 1)                         = 1
read(3, "_", 1)                         = 1
read(3, "L", 1)                         = 1
read(3, "O", 1)                         = 1
read(3, "G", 1)                         = 1
read(3, "I", 1)                         = 1
read(3, "C", 1)                         = 1
read(3, "A", 1)                         = 1
read(3, "L", 1)                         = 1
read(3, "_", 1)                         = 1
read(3, "S", 1)                         = 1
read(3, "P", 1)                         = 1
read(3, "A", 1)                         = 1
read(3, "C", 1)                         = 1
read(3, "E", 1)                         = 1
read(3, "_", 1)                         = 1
read(3, "O", 1)                         = 1
read(3, "F", 1)                         = 1
read(3, "F", 1)                         = 1
read(3, "S", 1)                         = 1
read(3, "E", 1)                         = 1
read(3, "T", 1)                         = 1
read(3, "#", 1)                         = 1
read(3, "v=\0\0", 4)                    = 4
read(3, "\17\4\0\0", 4)                 = 4
read(3, "R", 1)                         = 1
read(3, "E", 1)                         = 1
read(3, "A", 1)                         = 1
read(3, "D", 1)                         = 1
read(3, "_", 1)                         = 1
read(3, "F", 1)                         = 1
read(3, "R", 1)                         = 1
read(3, "O", 1)                         = 1
read(3, "M", 1)                         = 1
read(3, "_", 1)                         = 1
read(3, "L", 1)                         = 1
read(3, "O", 1)                         = 1
read(3, "G", 1)                         = 1
read(3, "I", 1)                         = 1
read(3, "C", 1)                         = 1
read(3, "A", 1)                         = 1
read(3, "L", 1)                         = 1
read(3, "_", 1)                         = 1
read(3, "S", 1)                         = 1
read(3, "P", 1)                         = 1
read(3, "A", 1)                         = 1
read(3, "C", 1)                         = 1
read(3, "E", 1)                         = 1
read(3, "_", 1)                         = 1
read(3, "O", 1)                         = 1
read(3, "F", 1)                         = 1
read(3, "F", 1)                         = 1
read(3, "S", 1)                         = 1
read(3, "E", 1)                         = 1
read(3, "T", 1)                         = 1
read(3, "#", 1)                         = 1
read(3, "\375\205\0\0", 4)              = 4
read(3, "\342\10\0\0", 4)               = 4
read(3, "R", 1)                         = 1
read(3, "E", 1)                         = 1
read(3, "A", 1)                         = 1
read(3, "D", 1)                         = 1
read(3, "_", 1)                         = 1
read(3, "F", 1)                         = 1
read(3, "R", 1)                         = 1
read(3, "O", 1)                         = 1
read(3, "M", 1)                         = 1
read(3, "_", 1)                         = 1
read(3, "L", 1)                         = 1
read(3, "O", 1)                         = 1
read(3, "G", 1)                         = 1
read(3, "I", 1)                         = 1
read(3, "C", 1)                         = 1
read(3, "A", 1)                         = 1
read(3, "L", 1)                         = 1
read(3, "_", 1)                         = 1
read(3, "S", 1)                         = 1
read(3, "P", 1)                         = 1
read(3, "A", 1)                         = 1
read(3, "C", 1)                         = 1
read(3, "E", 1)                         = 1
read(3, "_", 1)                         = 1
read(3, "O", 1)                         = 1
read(3, "F", 1)                         = 1
read(3, "F", 1)                         = 1
read(3, "S", 1)                         = 1
read(3, "E", 1)                         = 1
read(3, "T", 1)                         = 1
read(3, "#", 1)                         = 1
read(3, "\211\253\0\0", 4)              = 4
read(3, "\246\5\0\0", 4)                = 4
read(3, "E", 1)                         = 1
read(3, "X", 1)                         = 1
read(3, "I", 1)                         = 1
read(3, "T", 1)                         = 1
read(3, "#", 1)                         = 1
+++ exited with 0 +++
